<?xml version="1.0" encoding="UTF-8"?>
<!-- Generated by org.testng.reporters.JUnitReportReporter -->
<testsuite hostname="DESKTOP-NS1PU1H" failures="0" tests="5" name="eee.UserValidationTest" time="0.013" errors="0" timestamp="2023-11-07T00:50:51 GMT-05:00" skipped="0">
  <testcase classname="eee.UserValidationTest" name="testCase1" time="0.013"/>
  <testcase classname="eee.UserValidationTest" name="testCase4" time="0.000"/>
  <testcase classname="eee.UserValidationTest" name="testCase3" time="0.000"/>
  <testcase classname="eee.UserValidationTest" name="testCase2" time="0.000"/>
  <testcase classname="eee.UserValidationTest" name="testCase5" time="0.000"/>
</testsuite> <!-- eee.UserValidationTest -->
